<?xml version="1.0" encoding="UTF-8"?>
<!-- Generated by org.testng.reporters.JUnitXMLReporter -->
<testsuite hostname="Admin-PC" ignored="0" name="Sprint" tests="3" failures="1" timestamp="2022-02-20T18:27:00 IST" time="0.099" errors="0">
  <testcase name="Testone" time="0.013" classname="testNGCase.TestCase1"/>
  <testcase name="Testtwo" time="0.002" classname="testNGCase.TestCase2"/>
  <testcase name="Testthree" time="0.006" classname="testNGCase.TestCase3">
    <failure type="java.lang.AssertionError" message="expected [true] but found [false]">
      <![CDATA[java.lang.AssertionError: expected [true] but found [false]
at testNGCase.TestCase3.Testthree(TestCase3.java:11)
at java.util.ArrayList.forEach(ArrayList.java:1259)
... Removed 31 stack frames]]>
    </failure>
  </testcase> <!-- Testthree -->
</testsuite> <!-- Sprint -->
